<?xml version="1.0" encoding="UTF-8"?>
<!-- Generated by org.testng.reporters.JUnitReportReporter -->
<testsuite hostname="DESKTOP-LCVNK92" failures="0" tests="1" name="api.DeleteAssuredMethod" time="4.393" errors="0" timestamp="2023-06-14T15:30:57 IST" skipped="0">
  <testcase classname="api.DeleteAssuredMethod" name="deleterecord" time="4.393"/>
  <system-out/>
</testsuite> <!-- api.DeleteAssuredMethod -->
