<?xml version="1.0" encoding="UTF-8"?>
<!-- Generated by org.testng.reporters.JUnitReportReporter -->
<testsuite hostname="DESKTOP-LCVNK92" failures="0" tests="4" name="testNg.Priortizing" time="0.027" errors="0" timestamp="2023-05-30T13:43:56 IST" skipped="0">
  <testcase classname="testNg.Priortizing" name="a" time="0.016"/>
  <system-out/>
  <testcase classname="testNg.Priortizing" name="c" time="0.003"/>
  <system-out/>
  <testcase classname="testNg.Priortizing" name="d" time="0.006"/>
  <system-out/>
  <testcase classname="testNg.Priortizing" name="b" time="0.002"/>
  <system-out/>
</testsuite> <!-- testNg.Priortizing -->
