<?xml version="1.0" encoding="UTF-8"?>
<!-- Generated by org.testng.reporters.JUnitReportReporter -->
<testsuite hostname="DESKTOP-LCVNK92" failures="0" tests="1" name="testNg.Assertion3" time="0.021" errors="0" timestamp="2023-04-24T01:03:15 IST" skipped="0">
  <testcase classname="testNg.Assertion3" name="TestCase3" time="0.021"/>
  <system-out/>
</testsuite> <!-- testNg.Assertion3 -->
