<?xml version="1.0" encoding="UTF-8"?>
<!-- Generated by org.testng.reporters.JUnitReportReporter -->
<testsuite hostname="DESKTOP-LCVNK92" failures="0" tests="5" name="testNg.Skipping" time="0.048" errors="0" timestamp="2023-04-23T13:48:02 IST" skipped="2">
  <testcase classname="testNg.Skipping" name="a" time="0.030"/>
  <system-out/>
  <testcase classname="testNg.Skipping" name="e" time="0.006">
    <skipped/>
  </testcase> <!-- e -->
  <system-out/>
  <testcase classname="testNg.Skipping" name="c" time="0.009"/>
  <system-out/>
  <testcase classname="testNg.Skipping" name="c" time="0.003"/>
  <system-out/>
  <testcase classname="testNg.Skipping" name="b">
    <skipped/>
  </testcase> <!-- b -->
  <system-out/>
</testsuite> <!-- testNg.Skipping -->
