<?xml version="1.0" encoding="UTF-8"?>
<!-- Generated by org.testng.reporters.JUnitReportReporter -->
<testsuite hostname="DESKTOP-LCVNK92" failures="0" tests="4" name="testNg.Sequencing" time="0.038" errors="0" timestamp="2023-04-23T13:48:02 IST" skipped="1">
  <testcase classname="testNg.Sequencing" name="c" time="0.012"/>
  <system-out/>
  <testcase classname="testNg.Sequencing" name="c" time="0.018"/>
  <system-out/>
  <testcase classname="testNg.Sequencing" name="a" time="0.008"/>
  <system-out/>
  <testcase classname="testNg.Sequencing" name="b">
    <skipped/>
  </testcase> <!-- b -->
  <system-out/>
</testsuite> <!-- testNg.Sequencing -->
