<?xml version="1.0" encoding="UTF-8"?>
<!-- Generated by org.testng.reporters.JUnitReportReporter -->
<testsuite hostname="DESKTOP-LCVNK92" failures="0" tests="1" name="testNg.TestNg1" time="0.007" errors="0" timestamp="2023-04-23T13:48:02 IST" skipped="0">
  <testcase classname="testNg.TestNg1" name="a1" time="0.007"/>
  <system-out/>
</testsuite> <!-- testNg.TestNg1 -->
