<?xml version="1.0" encoding="UTF-8"?>
<!-- Generated by org.testng.reporters.JUnitReportReporter -->
<testsuite hostname="DESKTOP-LCVNK92" failures="0" tests="1" name="api.ValidateResponse" time="5.058" errors="0" timestamp="2023-06-14T20:34:54 IST" skipped="0">
  <testcase classname="api.ValidateResponse" name="validateResponse" time="5.058"/>
  <system-out/>
</testsuite> <!-- api.ValidateResponse -->
