<?xml version="1.0" encoding="UTF-8"?>
<!-- Generated by org.testng.reporters.JUnitReportReporter -->
<testsuite hostname="DESKTOP-LCVNK92" failures="0" tests="1" name="testNg.Assertion4" time="0.029" errors="0" timestamp="2023-04-24T01:12:41 IST" skipped="0">
  <testcase classname="testNg.Assertion4" name="testcase5" time="0.029"/>
  <system-out/>
</testsuite> <!-- testNg.Assertion4 -->
