<?xml version="1.0" encoding="UTF-8"?>
<!-- Generated by org.testng.reporters.JUnitReportReporter -->
<testsuite hostname="DESKTOP-LCVNK92" failures="0" tests="1" name="api.RestAssured" time="4.628" errors="0" timestamp="2023-06-14T12:33:35 IST" skipped="0">
  <testcase classname="api.RestAssured" name="getDetails" time="4.628"/>
  <system-out/>
</testsuite> <!-- api.RestAssured -->
