<?xml version="1.0" encoding="UTF-8"?>
<!-- Generated by org.testng.reporters.JUnitReportReporter -->
<testsuite hostname="DESKTOP-LCVNK92" failures="0" tests="2" name="testNg.DependsOnmethods" time="0.026" errors="0" timestamp="2023-05-29T17:59:40 IST" skipped="0">
  <testcase classname="testNg.DependsOnmethods" name="b" time="0.005"/>
  <system-out/>
  <testcase classname="testNg.DependsOnmethods" name="a" time="0.021"/>
  <system-out/>
</testsuite> <!-- testNg.DependsOnmethods -->
