<?xml version="1.0" encoding="UTF-8"?>
<!-- Generated by org.testng.reporters.JUnitReportReporter -->
<testsuite hostname="DESKTOP-LCVNK92" failures="0" tests="1" name="api.PostPutAssuredMethod" time="5.167" errors="0" timestamp="2023-06-14T15:03:43 IST" skipped="0">
  <testcase classname="api.PostPutAssuredMethod" name="getDetails" time="5.167"/>
  <system-out/>
</testsuite> <!-- api.PostPutAssuredMethod -->
