<?xml version="1.0" encoding="UTF-8"?>
<!-- Generated by org.testng.reporters.JUnitReportReporter -->
<testsuite hostname="DESKTOP-LCVNK92" failures="0" tests="3" name="testNg.DataProviderrr" time="64.321" errors="0" timestamp="2023-05-29T23:37:55 IST" skipped="0">
  <testcase classname="testNg.DataProviderrr" name="enterdata" time="18.123"/>
  <system-out/>
  <testcase classname="testNg.DataProviderrr" name="enterdata" time="13.490"/>
  <system-out/>
  <testcase classname="testNg.DataProviderrr" name="enterdata" time="32.708"/>
  <system-out/>
</testsuite> <!-- testNg.DataProviderrr -->
